<?xml version="1.0" encoding="UTF-8"?>
<TestRun id="a4a32e68-5aef-4154-8d2c-1772ea54f850" name="edo@PC-EDOFISSO 2011-06-04 09:47:41" runUser="PC-edoFisso\edo" xmlns="http://microsoft.com/schemas/VisualStudio/TeamTest/2010">
  <TestSettings name="Local" id="de5e3805-0cc0-422f-a5a6-65fabe060865">
    <Description>These are default test settings for a local test run.</Description>
    <Deployment enabled="false" runDeploymentRoot="edo_PC-EDOFISSO 2011-06-04 09_47_41">
      <DeploymentItem filename="D:\Siti, sw mio\Soggiorni\codice fiscale\MyCodiceFiscale\CFcalculator\bin\Debug\CFcalculator.dll" />
    </Deployment>
    <Execution>
      <TestTypeSpecific />
      <AgentRule name="Execution Agents">
      </AgentRule>
    </Execution>
  </TestSettings>
  <Times creation="2011-06-04T09:47:41.1549455+02:00" queuing="2011-06-04T09:47:42.3700150+02:00" start="2011-06-04T09:47:42.3950164+02:00" finish="2011-06-04T09:47:43.1170577+02:00" />
  <ResultSummary outcome="Completed">
    <Counters total="1" executed="1" passed="1" error="0" failed="0" timeout="0" aborted="0" inconclusive="0" passedButRunAborted="0" notRunnable="0" notExecuted="0" disconnected="0" warning="0" completed="0" inProgress="0" pending="0" />
  </ResultSummary>
  <TestDefinitions>
    <UnitTest name="getCodiceFiscaleTest" storage="d:\siti, sw mio\soggiorni\codice fiscale\mycodicefiscale\mycodicefiscale\testcodicefiscale\bin\debug\testcodicefiscale.dll" id="ecf8fecb-b75d-22ea-1a6c-b7ce73f76f8f">
      <Execution id="8708d3f6-44c4-4a8d-b9a1-a0cde2374de8" />
      <TestMethod codeBase="D:/Siti, sw mio/Soggiorni/codice fiscale/MyCodiceFiscale/MyCodiceFiscale/TestCodiceFiscale/bin/Debug/TestCodiceFiscale.DLL" adapterTypeName="Microsoft.VisualStudio.TestTools.TestTypes.Unit.UnitTestAdapter, Microsoft.VisualStudio.QualityTools.Tips.UnitTest.Adapter, Version=10.0.0.0, Culture=neutral, PublicKeyToken=b03f5f7f11d50a3a" className="TestCodiceFiscale.TestCFCalculator, TestCodiceFiscale, Version=1.0.0.0, Culture=neutral, PublicKeyToken=null" name="getCodiceFiscaleTest" />
    </UnitTest>
  </TestDefinitions>
  <TestLists>
    <TestList name="Results Not in a List" id="8c84fa94-04c1-424b-9868-57a2d4851a1d" />
    <TestList name="All Loaded Results" id="19431567-8539-422a-85d7-44ee4e166bda" />
  </TestLists>
  <TestEntries>
    <TestEntry testId="ecf8fecb-b75d-22ea-1a6c-b7ce73f76f8f" executionId="8708d3f6-44c4-4a8d-b9a1-a0cde2374de8" testListId="8c84fa94-04c1-424b-9868-57a2d4851a1d" />
  </TestEntries>
  <Results>
    <UnitTestResult executionId="8708d3f6-44c4-4a8d-b9a1-a0cde2374de8" testId="ecf8fecb-b75d-22ea-1a6c-b7ce73f76f8f" testName="getCodiceFiscaleTest" computerName="PC-EDOFISSO" duration="00:00:00.3771582" startTime="2011-06-04T09:47:42.4090172+02:00" endTime="2011-06-04T09:47:43.0800556+02:00" testType="13cdc9d9-ddb5-4fa4-a97d-d965ccfc6d4b" outcome="Passed" testListId="8c84fa94-04c1-424b-9868-57a2d4851a1d" relativeResultsDirectory="8708d3f6-44c4-4a8d-b9a1-a0cde2374de8">
    </UnitTestResult>
  </Results>
</TestRun>