<?xml version="1.0" encoding="UTF-8"?>
<TestRun id="e0747d6c-2685-4b0c-9f96-30365f0ee2c4" name="edo@PC-EDOFISSO 2011-06-04 09:55:47" runUser="PC-edoFisso\edo" xmlns="http://microsoft.com/schemas/VisualStudio/TeamTest/2010">
  <TestSettings name="Local" id="de5e3805-0cc0-422f-a5a6-65fabe060865">
    <Description>These are default test settings for a local test run.</Description>
    <Deployment enabled="false" runDeploymentRoot="edo_PC-EDOFISSO 2011-06-04 09_55_47">
      <DeploymentItem filename="D:\Siti, sw mio\Soggiorni\codice fiscale\MyCodiceFiscale\CFcalculator\bin\Debug\CFcalculator.dll" />
    </Deployment>
    <Execution>
      <TestTypeSpecific />
      <AgentRule name="Execution Agents">
      </AgentRule>
    </Execution>
  </TestSettings>
  <Times creation="2011-06-04T09:55:47.4877622+02:00" queuing="2011-06-04T09:55:48.6758301+02:00" start="2011-06-04T09:55:48.6918310+02:00" finish="2011-06-04T09:55:49.1398567+02:00" />
  <ResultSummary outcome="Failed">
    <Counters total="1" executed="1" error="0" failed="1" timeout="0" aborted="0" inconclusive="0" passedButRunAborted="0" notRunnable="0" notExecuted="0" disconnected="0" warning="0" passed="0" completed="0" inProgress="0" pending="0" />
  </ResultSummary>
  <TestDefinitions>
    <UnitTest name="estraiNomeTest" storage="d:\siti, sw mio\soggiorni\codice fiscale\mycodicefiscale\mycodicefiscale\testcodicefiscale\bin\debug\testcodicefiscale.dll" id="75466c70-424e-1fa9-53af-f5a46aebbdc9">
      <Execution id="248fb3e2-039c-446c-98d5-7134c8d5268d" />
      <TestMethod codeBase="D:/Siti, sw mio/Soggiorni/codice fiscale/MyCodiceFiscale/MyCodiceFiscale/TestCodiceFiscale/bin/Debug/TestCodiceFiscale.DLL" adapterTypeName="Microsoft.VisualStudio.TestTools.TestTypes.Unit.UnitTestAdapter, Microsoft.VisualStudio.QualityTools.Tips.UnitTest.Adapter, Version=10.0.0.0, Culture=neutral, PublicKeyToken=b03f5f7f11d50a3a" className="TestCodiceFiscale.TestCFCalculator, TestCodiceFiscale, Version=1.0.0.0, Culture=neutral, PublicKeyToken=null" name="estraiNomeTest" />
    </UnitTest>
  </TestDefinitions>
  <TestLists>
    <TestList name="Results Not in a List" id="8c84fa94-04c1-424b-9868-57a2d4851a1d" />
    <TestList name="All Loaded Results" id="19431567-8539-422a-85d7-44ee4e166bda" />
  </TestLists>
  <TestEntries>
    <TestEntry testId="75466c70-424e-1fa9-53af-f5a46aebbdc9" executionId="248fb3e2-039c-446c-98d5-7134c8d5268d" testListId="8c84fa94-04c1-424b-9868-57a2d4851a1d" />
  </TestEntries>
  <Results>
    <UnitTestResult executionId="248fb3e2-039c-446c-98d5-7134c8d5268d" testId="75466c70-424e-1fa9-53af-f5a46aebbdc9" testName="estraiNomeTest" computerName="PC-EDOFISSO" duration="00:00:00.0715311" startTime="2011-06-04T09:55:48.7218327+02:00" endTime="2011-06-04T09:55:49.1058547+02:00" testType="13cdc9d9-ddb5-4fa4-a97d-d965ccfc6d4b" outcome="Failed" testListId="8c84fa94-04c1-424b-9868-57a2d4851a1d" relativeResultsDirectory="248fb3e2-039c-446c-98d5-7134c8d5268d">
      <Output>
        <ErrorInfo>
          <Message>Test method TestCodiceFiscale.TestCFCalculator.estraiNomeTest threw exception: 
System.NullReferenceException: Object reference not set to an instance of an object.</Message>
          <StackTrace>    at CFcalculator.CFcalculator.estraiNome(String nome) in D:\Siti, sw mio\Soggiorni\codice fiscale\MyCodiceFiscale\CFcalculator\CFcalculator.cs:line 268
   at TestCodiceFiscale.TestCFCalculator.estraiNomeTest() in D:\Siti, sw mio\Soggiorni\codice fiscale\MyCodiceFiscale\MyCodiceFiscale\TestCodiceFiscale\TestCFCalculator.cs:line 171
</StackTrace>
        </ErrorInfo>
      </Output>
    </UnitTestResult>
  </Results>
</TestRun>