<?xml version="1.0" encoding="UTF-8"?>
<TestRun id="0e55791d-facf-4ebb-b0a8-aec6c54ac8f8" name="edo@PC-EDOFISSO 2011-06-04 17:56:04" runUser="PC-edoFisso\edo" xmlns="http://microsoft.com/schemas/VisualStudio/TeamTest/2010">
  <TestSettings name="Local" id="de5e3805-0cc0-422f-a5a6-65fabe060865">
    <Description>These are default test settings for a local test run.</Description>
    <Deployment enabled="false" runDeploymentRoot="edo_PC-EDOFISSO 2011-06-04 17_56_04">
      <DeploymentItem filename="D:\Siti, sw mio\Soggiorni\codice fiscale\MyCodiceFiscale\CFcalculator\bin\Debug\CFcalculator.dll" />
    </Deployment>
    <Execution>
      <TestTypeSpecific />
      <AgentRule name="Execution Agents">
      </AgentRule>
    </Execution>
  </TestSettings>
  <Times creation="2011-06-04T17:56:04.5060013+02:00" queuing="2011-06-04T17:56:11.6954125+02:00" start="2011-06-04T17:56:12.3254486+02:00" finish="2011-06-04T17:56:46.0463773+02:00" />
  <ResultSummary outcome="Completed">
    <Counters total="1" executed="1" passed="1" error="0" failed="0" timeout="0" aborted="0" inconclusive="0" passedButRunAborted="0" notRunnable="0" notExecuted="0" disconnected="0" warning="0" completed="0" inProgress="0" pending="0" />
  </ResultSummary>
  <TestDefinitions>
    <UnitTest name="estraiComuneTest" storage="d:\siti, sw mio\soggiorni\codice fiscale\mycodicefiscale\mycodicefiscale\testcodicefiscale\bin\debug\testcodicefiscale.dll" id="55640169-da4d-fb84-defc-8cce6bc93bc7">
      <Execution id="4f71ffc9-3d1c-4432-a1ba-0a678861b9e9" />
      <TestMethod codeBase="D:/Siti, sw mio/Soggiorni/codice fiscale/MyCodiceFiscale/MyCodiceFiscale/TestCodiceFiscale/bin/Debug/TestCodiceFiscale.DLL" adapterTypeName="Microsoft.VisualStudio.TestTools.TestTypes.Unit.UnitTestAdapter, Microsoft.VisualStudio.QualityTools.Tips.UnitTest.Adapter, Version=10.0.0.0, Culture=neutral, PublicKeyToken=b03f5f7f11d50a3a" className="TestCodiceFiscale.TestCFCalculator, TestCodiceFiscale, Version=1.0.0.0, Culture=neutral, PublicKeyToken=null" name="estraiComuneTest" />
    </UnitTest>
  </TestDefinitions>
  <TestLists>
    <TestList name="Results Not in a List" id="8c84fa94-04c1-424b-9868-57a2d4851a1d" />
    <TestList name="All Loaded Results" id="19431567-8539-422a-85d7-44ee4e166bda" />
  </TestLists>
  <TestEntries>
    <TestEntry testId="55640169-da4d-fb84-defc-8cce6bc93bc7" executionId="4f71ffc9-3d1c-4432-a1ba-0a678861b9e9" testListId="8c84fa94-04c1-424b-9868-57a2d4851a1d" />
  </TestEntries>
  <Results>
    <UnitTestResult executionId="4f71ffc9-3d1c-4432-a1ba-0a678861b9e9" testId="55640169-da4d-fb84-defc-8cce6bc93bc7" testName="estraiComuneTest" computerName="PC-EDOFISSO" duration="00:00:30.6864611" startTime="2011-06-04T17:56:12.7974756+02:00" endTime="2011-06-04T17:56:45.7693615+02:00" testType="13cdc9d9-ddb5-4fa4-a97d-d965ccfc6d4b" outcome="Passed" testListId="8c84fa94-04c1-424b-9868-57a2d4851a1d" relativeResultsDirectory="4f71ffc9-3d1c-4432-a1ba-0a678861b9e9">
    </UnitTestResult>
  </Results>
</TestRun>