<?xml version="1.0" encoding="UTF-8"?>
<TestRun id="3663a0db-5497-48f6-b42a-3fea395f3979" name="edo@PC-EDOFISSO 2011-06-04 09:45:49" runUser="PC-edoFisso\edo" xmlns="http://microsoft.com/schemas/VisualStudio/TeamTest/2010">
  <TestSettings name="Local" id="de5e3805-0cc0-422f-a5a6-65fabe060865">
    <Description>These are default test settings for a local test run.</Description>
    <Deployment enabled="false" runDeploymentRoot="edo_PC-EDOFISSO 2011-06-04 09_45_49">
      <DeploymentItem filename="D:\Siti, sw mio\Soggiorni\codice fiscale\MyCodiceFiscale\CFcalculator\bin\Debug\CFcalculator.dll" />
    </Deployment>
    <Execution>
      <TestTypeSpecific />
      <AgentRule name="Execution Agents">
      </AgentRule>
    </Execution>
  </TestSettings>
  <Times creation="2011-06-04T09:45:49.9035823+02:00" queuing="2011-06-04T09:45:51.1196519+02:00" start="2011-06-04T09:45:51.1416531+02:00" finish="2011-06-04T09:45:51.9236978+02:00" />
  <ResultSummary outcome="Completed">
    <Counters total="1" executed="1" passed="1" error="0" failed="0" timeout="0" aborted="0" inconclusive="0" passedButRunAborted="0" notRunnable="0" notExecuted="0" disconnected="0" warning="0" completed="0" inProgress="0" pending="0" />
  </ResultSummary>
  <TestDefinitions>
    <UnitTest name="getCodiceFiscaleTest" storage="d:\siti, sw mio\soggiorni\codice fiscale\mycodicefiscale\mycodicefiscale\testcodicefiscale\bin\debug\testcodicefiscale.dll" id="ecf8fecb-b75d-22ea-1a6c-b7ce73f76f8f">
      <Execution id="93e1d637-f2cb-420b-aabc-36b9fe6d86fc" />
      <TestMethod codeBase="D:/Siti, sw mio/Soggiorni/codice fiscale/MyCodiceFiscale/MyCodiceFiscale/TestCodiceFiscale/bin/Debug/TestCodiceFiscale.DLL" adapterTypeName="Microsoft.VisualStudio.TestTools.TestTypes.Unit.UnitTestAdapter, Microsoft.VisualStudio.QualityTools.Tips.UnitTest.Adapter, Version=10.0.0.0, Culture=neutral, PublicKeyToken=b03f5f7f11d50a3a" className="TestCodiceFiscale.TestCFCalculator, TestCodiceFiscale, Version=1.0.0.0, Culture=neutral, PublicKeyToken=null" name="getCodiceFiscaleTest" />
    </UnitTest>
  </TestDefinitions>
  <TestLists>
    <TestList name="Results Not in a List" id="8c84fa94-04c1-424b-9868-57a2d4851a1d" />
    <TestList name="All Loaded Results" id="19431567-8539-422a-85d7-44ee4e166bda" />
  </TestLists>
  <TestEntries>
    <TestEntry testId="ecf8fecb-b75d-22ea-1a6c-b7ce73f76f8f" executionId="93e1d637-f2cb-420b-aabc-36b9fe6d86fc" testListId="8c84fa94-04c1-424b-9868-57a2d4851a1d" />
  </TestEntries>
  <Results>
    <UnitTestResult executionId="93e1d637-f2cb-420b-aabc-36b9fe6d86fc" testId="ecf8fecb-b75d-22ea-1a6c-b7ce73f76f8f" testName="getCodiceFiscaleTest" computerName="PC-EDOFISSO" duration="00:00:00.3664154" startTime="2011-06-04T09:45:51.1916560+02:00" endTime="2011-06-04T09:45:51.8796953+02:00" testType="13cdc9d9-ddb5-4fa4-a97d-d965ccfc6d4b" outcome="Passed" testListId="8c84fa94-04c1-424b-9868-57a2d4851a1d" relativeResultsDirectory="93e1d637-f2cb-420b-aabc-36b9fe6d86fc">
    </UnitTestResult>
  </Results>
</TestRun>