<?xml version="1.0" encoding="UTF-8"?>
<TestRun id="9e0393ea-846a-4a05-a497-3c513df8927b" name="edo@PC-EDOFISSO 2011-06-03 19:28:49" runUser="PC-edoFisso\edo" xmlns="http://microsoft.com/schemas/VisualStudio/TeamTest/2010">
  <TestSettings name="Local" id="de5e3805-0cc0-422f-a5a6-65fabe060865">
    <Description>These are default test settings for a local test run.</Description>
    <Deployment userDeploymentRoot="D:\Siti, sw mio\Soggiorni\codice fiscale\MyCodiceFiscale\MyCodiceFiscale\TestResults" useDefaultDeploymentRoot="false" enabled="false" runDeploymentRoot="edo_PC-EDOFISSO 2011-06-03 19_28_49">
      <DeploymentItem filename="D:\Siti, sw mio\Soggiorni\codice fiscale\MyCodiceFiscale\CFcalculator\bin\Debug\CFcalculator.dll" />
    </Deployment>
    <Execution>
      <TestTypeSpecific />
      <AgentRule name="Execution Agents">
      </AgentRule>
    </Execution>
  </TestSettings>
  <Times creation="2011-06-03T19:28:49.1698041+02:00" queuing="2011-06-03T19:28:55.7351796+02:00" start="2011-06-03T19:28:56.4592210+02:00" finish="2011-06-03T19:32:14.7615632+02:00" />
  <ResultSummary outcome="Error">
    <Counters total="1" executed="1" error="0" failed="0" timeout="0" aborted="1" inconclusive="0" passedButRunAborted="0" notRunnable="0" notExecuted="0" disconnected="0" warning="0" passed="0" completed="0" inProgress="0" pending="0" />
    <RunInfos>
      <RunInfo computerName="PC-EDOFISSO" outcome="Error" timestamp="2011-06-03T19:32:14.7545628+02:00">
        <Text>Test host process exited unexpectedly.</Text>
      </RunInfo>
    </RunInfos>
  </ResultSummary>
  <TestDefinitions>
    <UnitTest name="getCodiceFiscaleTest" storage="d:\siti, sw mio\soggiorni\codice fiscale\mycodicefiscale\mycodicefiscale\testcodicefiscale\bin\debug\testcodicefiscale.dll" id="ecf8fecb-b75d-22ea-1a6c-b7ce73f76f8f">
      <Execution id="05693cc5-a413-4fc2-9dcf-f1d0fcdde0fb" />
      <TestMethod codeBase="D:/Siti, sw mio/Soggiorni/codice fiscale/MyCodiceFiscale/MyCodiceFiscale/TestCodiceFiscale/bin/Debug/TestCodiceFiscale.DLL" adapterTypeName="Microsoft.VisualStudio.TestTools.TestTypes.Unit.UnitTestAdapter, Microsoft.VisualStudio.QualityTools.Tips.UnitTest.Adapter, Version=10.0.0.0, Culture=neutral, PublicKeyToken=b03f5f7f11d50a3a" className="TestCodiceFiscale.TestCFCalculator, TestCodiceFiscale, Version=1.0.0.0, Culture=neutral, PublicKeyToken=null" name="getCodiceFiscaleTest" />
    </UnitTest>
  </TestDefinitions>
  <TestLists>
    <TestList name="Results Not in a List" id="8c84fa94-04c1-424b-9868-57a2d4851a1d" />
    <TestList name="All Loaded Results" id="19431567-8539-422a-85d7-44ee4e166bda" />
  </TestLists>
  <TestEntries>
    <TestEntry testId="ecf8fecb-b75d-22ea-1a6c-b7ce73f76f8f" executionId="05693cc5-a413-4fc2-9dcf-f1d0fcdde0fb" testListId="8c84fa94-04c1-424b-9868-57a2d4851a1d" />
  </TestEntries>
  <Results>
    <UnitTestResult executionId="05693cc5-a413-4fc2-9dcf-f1d0fcdde0fb" testId="ecf8fecb-b75d-22ea-1a6c-b7ce73f76f8f" testName="getCodiceFiscaleTest" computerName="PC-EDOFISSO" duration="00:03:17.8593169" startTime="2011-06-03T19:28:56.9022463+02:00" endTime="2011-06-03T19:32:14.7615632+02:00" testType="13cdc9d9-ddb5-4fa4-a97d-d965ccfc6d4b" outcome="Aborted" testListId="8c84fa94-04c1-424b-9868-57a2d4851a1d" relativeResultsDirectory="05693cc5-a413-4fc2-9dcf-f1d0fcdde0fb">
    </UnitTestResult>
  </Results>
</TestRun>