<?xml version="1.0" encoding="UTF-8"?>
<TestRun id="4b06a0a0-b20c-4e4a-9bef-4a591bb32001" name="edo@PC-EDOFISSO 2011-06-03 19:26:09" runUser="PC-edoFisso\edo" xmlns="http://microsoft.com/schemas/VisualStudio/TeamTest/2010">
  <TestSettings name="Local" id="de5e3805-0cc0-422f-a5a6-65fabe060865">
    <Description>These are default test settings for a local test run.</Description>
    <Deployment enabled="false" runDeploymentRoot="edo_PC-EDOFISSO 2011-06-03 19_26_09">
      <DeploymentItem filename="D:\Siti, sw mio\Soggiorni\codice fiscale\MyCodiceFiscale\CFcalculator\bin\Debug\CFcalculator.dll" />
    </Deployment>
    <Execution>
      <TestTypeSpecific />
      <AgentRule name="Execution Agents">
      </AgentRule>
    </Execution>
  </TestSettings>
  <Times creation="2011-06-03T19:26:09.3206612+02:00" queuing="2011-06-03T19:26:09.5356735+02:00" start="2011-06-03T19:26:09.5826762+02:00" finish="2011-06-03T19:26:10.2207127+02:00" />
  <ResultSummary outcome="Failed">
    <Counters total="1" executed="1" error="0" failed="1" timeout="0" aborted="0" inconclusive="0" passedButRunAborted="0" notRunnable="0" notExecuted="0" disconnected="0" warning="0" passed="0" completed="0" inProgress="0" pending="0" />
  </ResultSummary>
  <TestDefinitions>
    <UnitTest name="getCodiceFiscaleTest" storage="d:\siti, sw mio\soggiorni\codice fiscale\mycodicefiscale\mycodicefiscale\testcodicefiscale\bin\debug\testcodicefiscale.dll" id="ecf8fecb-b75d-22ea-1a6c-b7ce73f76f8f">
      <Execution id="fdc23e10-7993-4944-b562-7d037e366e23" />
      <TestMethod codeBase="D:/Siti, sw mio/Soggiorni/codice fiscale/MyCodiceFiscale/MyCodiceFiscale/TestCodiceFiscale/bin/Debug/TestCodiceFiscale.DLL" adapterTypeName="Microsoft.VisualStudio.TestTools.TestTypes.Unit.UnitTestAdapter, Microsoft.VisualStudio.QualityTools.Tips.UnitTest.Adapter, Version=10.0.0.0, Culture=neutral, PublicKeyToken=b03f5f7f11d50a3a" className="TestCodiceFiscale.TestCFCalculator, TestCodiceFiscale, Version=1.0.0.0, Culture=neutral, PublicKeyToken=null" name="getCodiceFiscaleTest" />
    </UnitTest>
  </TestDefinitions>
  <TestLists>
    <TestList name="Results Not in a List" id="8c84fa94-04c1-424b-9868-57a2d4851a1d" />
    <TestList name="All Loaded Results" id="19431567-8539-422a-85d7-44ee4e166bda" />
  </TestLists>
  <TestEntries>
    <TestEntry testId="ecf8fecb-b75d-22ea-1a6c-b7ce73f76f8f" executionId="fdc23e10-7993-4944-b562-7d037e366e23" testListId="8c84fa94-04c1-424b-9868-57a2d4851a1d" />
  </TestEntries>
  <Results>
    <UnitTestResult executionId="fdc23e10-7993-4944-b562-7d037e366e23" testId="ecf8fecb-b75d-22ea-1a6c-b7ce73f76f8f" testName="getCodiceFiscaleTest" computerName="PC-EDOFISSO" duration="00:00:00.2453943" startTime="2011-06-03T19:26:09.6016773+02:00" endTime="2011-06-03T19:26:10.1807104+02:00" testType="13cdc9d9-ddb5-4fa4-a97d-d965ccfc6d4b" outcome="Failed" testListId="8c84fa94-04c1-424b-9868-57a2d4851a1d" relativeResultsDirectory="fdc23e10-7993-4944-b562-7d037e366e23">
      <Output>
        <ErrorInfo>
          <Message>Test method TestCodiceFiscale.TestCFCalculator.getCodiceFiscaleTest threw exception: 
System.Collections.Generic.KeyNotFoundException: The given key was not present in the dictionary.</Message>
          <StackTrace>    at System.Collections.Generic.Dictionary`2.get_Item(TKey key)
   at CFcalculator.CFcalculator.getControlChar(String cf) in D:\Siti, sw mio\Soggiorni\codice fiscale\MyCodiceFiscale\CFcalculator\CFcalculator.cs:line 247
   at CFcalculator.CFcalculator.GetCodiceFiscale() in D:\Siti, sw mio\Soggiorni\codice fiscale\MyCodiceFiscale\CFcalculator\CFcalculator.cs:line 206
   at TestCodiceFiscale.TestCFCalculator.getCodiceFiscaleTest() in D:\Siti, sw mio\Soggiorni\codice fiscale\MyCodiceFiscale\MyCodiceFiscale\TestCodiceFiscale\TestCFCalculator.cs:line 80
</StackTrace>
        </ErrorInfo>
      </Output>
    </UnitTestResult>
  </Results>
</TestRun>